process_radtags v2.0Beta9, executed 2018-07-23 19:02:48
process_radtags -p /home/ecomol/stacks/Euschistus/raw/PL02/Files/ -o /home/ecomol/stacks/Euschistus/bugs/ -b /home/ecomol/stacks/Euschistus/demultiplexing/barcode_PL2 -e pstI --inline_null -r -c -q -t 90 -T 25
File	Retained Reads	Low Quality	Ambiguous Barcodes	Ambiguous RAD-Tag	Total
PL02_S5_L005_R1_001.fastq.gz	269121301	277272	0	12668052	282066625

Total Sequences	282066625
Ambiguous Barcodes	0
Low Quality	277272
Ambiguous RAD-Tag	12668052
Retained Reads	269121301

Barcode	Filename	Total	NoRadTag	LowQuality	Retained
CGAGGTGGA	BALE12	5736431	6229	5776	5724426
TTCTTGTTA	BALE23	3090889	3585	3275	3084029
CCTACACCG	BALE33	9366870	5588	9472	9351810
GAACAGAAT	BASD31	3232654	6052	3395	3223207
AGTGGCGTT	BJPI1	3597833	3212	3731	3590890
TTGCTTACA	GOPB10	3250548	6375	3331	3240842
CCAACCTGA	GOPB13	3642173	3544	3626	3635003
AACGAACAT	GOPB14	3529888	10502	3699	3515687
GGTTGGTCA	GOPB16	4113972	4758	4252	4104962
TTGTTCGAT	GOPB17	2563551	8764	2695	2552092
CCACCTCGT	MAB51	1129203	2304	1132	1125767
AACAGAATA	MAB53	3076987	1925	3072	3071990
GGTGAGTCT	MAB54	4147255	4738	4312	4138205
TTGTTCCTA	MAB55	532602	1503	560	530539
CACCATGAA	MAB36	10435073	5832	10681	10418560
GGAACAAGT	MGC1	3239846	7109	3413	3229324
ACTGGTGGT	MGC31	919864	5566	908	913390
TTGTCCTCA	MGC34	27722506	30724	28646	27663136
ACCATGACA	MTR35	4428920	2412	4526	4421982
GAACGACCT	MTR39	7283728	4426	7613	7271689
CGTGAGGT	MTR40	5982804	3218	6172	5973414
TTGCTTCA	MTR37	2435789	1712	2499	2431578
ACCTCATG	PAP40	2324073	48795	2311	2272967
GAGAACAT	PAP7	3229053	10045	3313	3215695
CGAGGTGA	PAST31	3269718	4288	3366	3262064
CTTCTGTA	PAST34	7310379	2025	7658	7300696
ACCTACCG	PAST43	2083818	2227	2137	2079454
GGAACAAT	PAST44	1634446	11007	1673	1621766
TAGCGACA	PAST46	4562698	3190	4732	4554776
CTTACGCA	PAST47	2297313	1127	2358	2293828
ACCGTCCA	PAST48	2782459	1214	2871	2778374
GAATACCA	PAST49	3229894	2725	3337	3223832
TGGCCGCA	PIB16	6075567	2800	6249	6066518
TTCGAACA	PIB31	2860333	4036	2872	2853425
CCATGCCA	PIB33	4373038	3415	4460	4365163
AAGATGCA	PIB7	6027514	12039	6214	6009261
GCTGGACA	PIB1	3671583	3400	3770	3664413
TGTCACA	PRC34	2741916	856	2835	2738225
CACATGA	PRIV31	3596731	36532	3773	3556426
GGATCAA	PRIV32	5291808	3484	5549	5282775
ATGAACA	PRIV33	4577077	3378	4597	4569102
CTTGCAA	PRIV34	3487842	1163	3512	3483167
ACATGCA	PRIV35	2954121	15191	2971	2935959
GGCCTCA	PRIV36	3691447	2043	3836	3685568
TAGACCA	PRQS35	1019065	957	1009	1017099
TTCCGCA	PRQS37	2894998	1763	3037	2890198
CCTGTCA	ROC17	2524600	2901	2583	2519116
GAATACA	ROC3	2191301	3671	2187	2185443
GTAT	ROC31	4662923	61210	4713	4597000
TGCG	ROC32	780095	45099	764	734232
CGGT	ROC33	695895	358738	357	336800
ATTG	ROC34	1230241	33690	1235	1195316
GGTA	ROC35	153668	23263	140	130265
TTGA	ROC5	551584	58626	522	492436
CCAG	ROC12	3208879	26163	3348	3179368
AACT	RSSB1	2034573	32851	2087	1999635
ATGGCG	RSSB10	1190732	9789	1258	1179685
TTACGA	RSSB14	1976018	6017	2054	1967947
CCTAAG	RSSB15	4127933	3981	4268	4119684
AACGTG	RSSB16	1010089	6379	1042	1002668
CGCTGA	RSSB2	3995145	4728	4182	3986235
TCGCAA	RSSB31	3616974	2393	3674	3610907
ACATCG	RSSB33	8545460	5757	8677	8531026
GATCCA	RSSB35	2558911	2479	2603	2553829
GTAACA	RSSB5	3576810	22696	3542	3550572
TTCGCA	RSSB7	3371851	7277	3332	3361242
CGTACA	SPA10	4816848	26085	4964	4785799
AAGTCA	SPA11	2744612	4912	2764	2736936
TGATCA	SPA14	5547654	18040	5681	5523933
CTGCCA	SPA16	5798894	7954	5911	5785029
ACTGCA	BRANCO	11259	4567	11	6681
