/nobackup/beegfs/workspace/ks575/Data/Stinkbug/SB_population_data/Euschistus/mapping_new/psmc/data/scripts
athena-f02
Tue Apr  5 12:56:39 BST 2022
/nobackup/beegfs/workspace/ks575/Data/Stinkbug/SB_population_data/Euschistus/mapping_new/psmc/data/scripts
athena-f02
Tue Apr  5 12:56:39 BST 2022
Running a program on athena-f02
Hello ks575, this is running on the athena cluster at athena-f02 using PI account = c.bass
removed ‘/nobackup/beegfs/workspace/ks575/Data/Stinkbug/SB_population_data/Euschistus/mapping_new/psmc/data/split.psmcfa’
removed ‘/nobackup/beegfs/workspace/ks575/Data/Stinkbug/SB_population_data/Euschistus/mapping_new/psmc/data/BASD31.psmc’
removed ‘/nobackup/beegfs/workspace/ks575/Data/Stinkbug/SB_population_data/Euschistus/mapping_new/psmc/data/round-100.psmc’
removed ‘/nobackup/beegfs/workspace/ks575/Data/Stinkbug/SB_population_data/Euschistus/mapping_new/psmc/data/round-10.psmc’
removed ‘/nobackup/beegfs/workspace/ks575/Data/Stinkbug/SB_population_data/Euschistus/mapping_new/psmc/data/round-11.psmc’
removed ‘/nobackup/beegfs/workspace/ks575/Data/Stinkbug/SB_population_data/Euschistus/mapping_new/psmc/data/round-12.psmc’
removed ‘/nobackup/beegfs/workspace/ks575/Data/Stinkbug/SB_population_data/Euschistus/mapping_new/psmc/data/round-13.psmc’
removed ‘/nobackup/beegfs/workspace/ks575/Data/Stinkbug/SB_population_data/Euschistus/mapping_new/psmc/data/round-14.psmc’
removed ‘/nobackup/beegfs/workspace/ks575/Data/Stinkbug/SB_population_data/Euschistus/mapping_new/psmc/data/round-15.psmc’
removed ‘/nobackup/beegfs/workspace/ks575/Data/Stinkbug/SB_population_data/Euschistus/mapping_new/psmc/data/round-16.psmc’
removed ‘/nobackup/beegfs/workspace/ks575/Data/Stinkbug/SB_population_data/Euschistus/mapping_new/psmc/data/round-17.psmc’
removed ‘/nobackup/beegfs/workspace/ks575/Data/Stinkbug/SB_population_data/Euschistus/mapping_new/psmc/data/round-18.psmc’
removed ‘/nobackup/beegfs/workspace/ks575/Data/Stinkbug/SB_population_data/Euschistus/mapping_new/psmc/data/round-19.psmc’
removed ‘/nobackup/beegfs/workspace/ks575/Data/Stinkbug/SB_population_data/Euschistus/mapping_new/psmc/data/round-1.psmc’
removed ‘/nobackup/beegfs/workspace/ks575/Data/Stinkbug/SB_population_data/Euschistus/mapping_new/psmc/data/round-20.psmc’
removed ‘/nobackup/beegfs/workspace/ks575/Data/Stinkbug/SB_population_data/Euschistus/mapping_new/psmc/data/round-21.psmc’
removed ‘/nobackup/beegfs/workspace/ks575/Data/Stinkbug/SB_population_data/Euschistus/mapping_new/psmc/data/round-22.psmc’
removed ‘/nobackup/beegfs/workspace/ks575/Data/Stinkbug/SB_population_data/Euschistus/mapping_new/psmc/data/round-23.psmc’
removed ‘/nobackup/beegfs/workspace/ks575/Data/Stinkbug/SB_population_data/Euschistus/mapping_new/psmc/data/round-24.psmc’
removed ‘/nobackup/beegfs/workspace/ks575/Data/Stinkbug/SB_population_data/Euschistus/mapping_new/psmc/data/round-25.psmc’
removed ‘/nobackup/beegfs/workspace/ks575/Data/Stinkbug/SB_population_data/Euschistus/mapping_new/psmc/data/round-26.psmc’
removed ‘/nobackup/beegfs/workspace/ks575/Data/Stinkbug/SB_population_data/Euschistus/mapping_new/psmc/data/round-27.psmc’
removed ‘/nobackup/beegfs/workspace/ks575/Data/Stinkbug/SB_population_data/Euschistus/mapping_new/psmc/data/round-28.psmc’
removed ‘/nobackup/beegfs/workspace/ks575/Data/Stinkbug/SB_population_data/Euschistus/mapping_new/psmc/data/round-29.psmc’
removed ‘/nobackup/beegfs/workspace/ks575/Data/Stinkbug/SB_population_data/Euschistus/mapping_new/psmc/data/round-2.psmc’
removed ‘/nobackup/beegfs/workspace/ks575/Data/Stinkbug/SB_population_data/Euschistus/mapping_new/psmc/data/round-30.psmc’
removed ‘/nobackup/beegfs/workspace/ks575/Data/Stinkbug/SB_population_data/Euschistus/mapping_new/psmc/data/round-31.psmc’
removed ‘/nobackup/beegfs/workspace/ks575/Data/Stinkbug/SB_population_data/Euschistus/mapping_new/psmc/data/round-32.psmc’
removed ‘/nobackup/beegfs/workspace/ks575/Data/Stinkbug/SB_population_data/Euschistus/mapping_new/psmc/data/round-33.psmc’
removed ‘/nobackup/beegfs/workspace/ks575/Data/Stinkbug/SB_population_data/Euschistus/mapping_new/psmc/data/round-34.psmc’
removed ‘/nobackup/beegfs/workspace/ks575/Data/Stinkbug/SB_population_data/Euschistus/mapping_new/psmc/data/round-35.psmc’
removed ‘/nobackup/beegfs/workspace/ks575/Data/Stinkbug/SB_population_data/Euschistus/mapping_new/psmc/data/round-36.psmc’
removed ‘/nobackup/beegfs/workspace/ks575/Data/Stinkbug/SB_population_data/Euschistus/mapping_new/psmc/data/round-37.psmc’
removed ‘/nobackup/beegfs/workspace/ks575/Data/Stinkbug/SB_population_data/Euschistus/mapping_new/psmc/data/round-38.psmc’
removed ‘/nobackup/beegfs/workspace/ks575/Data/Stinkbug/SB_population_data/Euschistus/mapping_new/psmc/data/round-39.psmc’
removed ‘/nobackup/beegfs/workspace/ks575/Data/Stinkbug/SB_population_data/Euschistus/mapping_new/psmc/data/round-3.psmc’
removed ‘/nobackup/beegfs/workspace/ks575/Data/Stinkbug/SB_population_data/Euschistus/mapping_new/psmc/data/round-40.psmc’
removed ‘/nobackup/beegfs/workspace/ks575/Data/Stinkbug/SB_population_data/Euschistus/mapping_new/psmc/data/round-41.psmc’
removed ‘/nobackup/beegfs/workspace/ks575/Data/Stinkbug/SB_population_data/Euschistus/mapping_new/psmc/data/round-42.psmc’
removed ‘/nobackup/beegfs/workspace/ks575/Data/Stinkbug/SB_population_data/Euschistus/mapping_new/psmc/data/round-43.psmc’
removed ‘/nobackup/beegfs/workspace/ks575/Data/Stinkbug/SB_population_data/Euschistus/mapping_new/psmc/data/round-44.psmc’
removed ‘/nobackup/beegfs/workspace/ks575/Data/Stinkbug/SB_population_data/Euschistus/mapping_new/psmc/data/round-45.psmc’
removed ‘/nobackup/beegfs/workspace/ks575/Data/Stinkbug/SB_population_data/Euschistus/mapping_new/psmc/data/round-46.psmc’
removed ‘/nobackup/beegfs/workspace/ks575/Data/Stinkbug/SB_population_data/Euschistus/mapping_new/psmc/data/round-47.psmc’
removed ‘/nobackup/beegfs/workspace/ks575/Data/Stinkbug/SB_population_data/Euschistus/mapping_new/psmc/data/round-48.psmc’
removed ‘/nobackup/beegfs/workspace/ks575/Data/Stinkbug/SB_population_data/Euschistus/mapping_new/psmc/data/round-49.psmc’
removed ‘/nobackup/beegfs/workspace/ks575/Data/Stinkbug/SB_population_data/Euschistus/mapping_new/psmc/data/round-4.psmc’
removed ‘/nobackup/beegfs/workspace/ks575/Data/Stinkbug/SB_population_data/Euschistus/mapping_new/psmc/data/round-50.psmc’
removed ‘/nobackup/beegfs/workspace/ks575/Data/Stinkbug/SB_population_data/Euschistus/mapping_new/psmc/data/round-51.psmc’
removed ‘/nobackup/beegfs/workspace/ks575/Data/Stinkbug/SB_population_data/Euschistus/mapping_new/psmc/data/round-52.psmc’
removed ‘/nobackup/beegfs/workspace/ks575/Data/Stinkbug/SB_population_data/Euschistus/mapping_new/psmc/data/round-53.psmc’
removed ‘/nobackup/beegfs/workspace/ks575/Data/Stinkbug/SB_population_data/Euschistus/mapping_new/psmc/data/round-54.psmc’
removed ‘/nobackup/beegfs/workspace/ks575/Data/Stinkbug/SB_population_data/Euschistus/mapping_new/psmc/data/round-55.psmc’
removed ‘/nobackup/beegfs/workspace/ks575/Data/Stinkbug/SB_population_data/Euschistus/mapping_new/psmc/data/round-56.psmc’
removed ‘/nobackup/beegfs/workspace/ks575/Data/Stinkbug/SB_population_data/Euschistus/mapping_new/psmc/data/round-57.psmc’
removed ‘/nobackup/beegfs/workspace/ks575/Data/Stinkbug/SB_population_data/Euschistus/mapping_new/psmc/data/round-58.psmc’
removed ‘/nobackup/beegfs/workspace/ks575/Data/Stinkbug/SB_population_data/Euschistus/mapping_new/psmc/data/round-59.psmc’
removed ‘/nobackup/beegfs/workspace/ks575/Data/Stinkbug/SB_population_data/Euschistus/mapping_new/psmc/data/round-5.psmc’
removed ‘/nobackup/beegfs/workspace/ks575/Data/Stinkbug/SB_population_data/Euschistus/mapping_new/psmc/data/round-60.psmc’
removed ‘/nobackup/beegfs/workspace/ks575/Data/Stinkbug/SB_population_data/Euschistus/mapping_new/psmc/data/round-61.psmc’
removed ‘/nobackup/beegfs/workspace/ks575/Data/Stinkbug/SB_population_data/Euschistus/mapping_new/psmc/data/round-62.psmc’
removed ‘/nobackup/beegfs/workspace/ks575/Data/Stinkbug/SB_population_data/Euschistus/mapping_new/psmc/data/round-63.psmc’
removed ‘/nobackup/beegfs/workspace/ks575/Data/Stinkbug/SB_population_data/Euschistus/mapping_new/psmc/data/round-64.psmc’
removed ‘/nobackup/beegfs/workspace/ks575/Data/Stinkbug/SB_population_data/Euschistus/mapping_new/psmc/data/round-65.psmc’
removed ‘/nobackup/beegfs/workspace/ks575/Data/Stinkbug/SB_population_data/Euschistus/mapping_new/psmc/data/round-66.psmc’
removed ‘/nobackup/beegfs/workspace/ks575/Data/Stinkbug/SB_population_data/Euschistus/mapping_new/psmc/data/round-67.psmc’
removed ‘/nobackup/beegfs/workspace/ks575/Data/Stinkbug/SB_population_data/Euschistus/mapping_new/psmc/data/round-68.psmc’
removed ‘/nobackup/beegfs/workspace/ks575/Data/Stinkbug/SB_population_data/Euschistus/mapping_new/psmc/data/round-69.psmc’
removed ‘/nobackup/beegfs/workspace/ks575/Data/Stinkbug/SB_population_data/Euschistus/mapping_new/psmc/data/round-6.psmc’
removed ‘/nobackup/beegfs/workspace/ks575/Data/Stinkbug/SB_population_data/Euschistus/mapping_new/psmc/data/round-70.psmc’
removed ‘/nobackup/beegfs/workspace/ks575/Data/Stinkbug/SB_population_data/Euschistus/mapping_new/psmc/data/round-71.psmc’
removed ‘/nobackup/beegfs/workspace/ks575/Data/Stinkbug/SB_population_data/Euschistus/mapping_new/psmc/data/round-72.psmc’
removed ‘/nobackup/beegfs/workspace/ks575/Data/Stinkbug/SB_population_data/Euschistus/mapping_new/psmc/data/round-73.psmc’
removed ‘/nobackup/beegfs/workspace/ks575/Data/Stinkbug/SB_population_data/Euschistus/mapping_new/psmc/data/round-74.psmc’
removed ‘/nobackup/beegfs/workspace/ks575/Data/Stinkbug/SB_population_data/Euschistus/mapping_new/psmc/data/round-75.psmc’
removed ‘/nobackup/beegfs/workspace/ks575/Data/Stinkbug/SB_population_data/Euschistus/mapping_new/psmc/data/round-76.psmc’
removed ‘/nobackup/beegfs/workspace/ks575/Data/Stinkbug/SB_population_data/Euschistus/mapping_new/psmc/data/round-77.psmc’
removed ‘/nobackup/beegfs/workspace/ks575/Data/Stinkbug/SB_population_data/Euschistus/mapping_new/psmc/data/round-78.psmc’
removed ‘/nobackup/beegfs/workspace/ks575/Data/Stinkbug/SB_population_data/Euschistus/mapping_new/psmc/data/round-79.psmc’
removed ‘/nobackup/beegfs/workspace/ks575/Data/Stinkbug/SB_population_data/Euschistus/mapping_new/psmc/data/round-7.psmc’
removed ‘/nobackup/beegfs/workspace/ks575/Data/Stinkbug/SB_population_data/Euschistus/mapping_new/psmc/data/round-80.psmc’
removed ‘/nobackup/beegfs/workspace/ks575/Data/Stinkbug/SB_population_data/Euschistus/mapping_new/psmc/data/round-81.psmc’
removed ‘/nobackup/beegfs/workspace/ks575/Data/Stinkbug/SB_population_data/Euschistus/mapping_new/psmc/data/round-82.psmc’
removed ‘/nobackup/beegfs/workspace/ks575/Data/Stinkbug/SB_population_data/Euschistus/mapping_new/psmc/data/round-83.psmc’
removed ‘/nobackup/beegfs/workspace/ks575/Data/Stinkbug/SB_population_data/Euschistus/mapping_new/psmc/data/round-84.psmc’
removed ‘/nobackup/beegfs/workspace/ks575/Data/Stinkbug/SB_population_data/Euschistus/mapping_new/psmc/data/round-85.psmc’
removed ‘/nobackup/beegfs/workspace/ks575/Data/Stinkbug/SB_population_data/Euschistus/mapping_new/psmc/data/round-86.psmc’
removed ‘/nobackup/beegfs/workspace/ks575/Data/Stinkbug/SB_population_data/Euschistus/mapping_new/psmc/data/round-87.psmc’
removed ‘/nobackup/beegfs/workspace/ks575/Data/Stinkbug/SB_population_data/Euschistus/mapping_new/psmc/data/round-88.psmc’
removed ‘/nobackup/beegfs/workspace/ks575/Data/Stinkbug/SB_population_data/Euschistus/mapping_new/psmc/data/round-89.psmc’
removed ‘/nobackup/beegfs/workspace/ks575/Data/Stinkbug/SB_population_data/Euschistus/mapping_new/psmc/data/round-8.psmc’
removed ‘/nobackup/beegfs/workspace/ks575/Data/Stinkbug/SB_population_data/Euschistus/mapping_new/psmc/data/round-90.psmc’
removed ‘/nobackup/beegfs/workspace/ks575/Data/Stinkbug/SB_population_data/Euschistus/mapping_new/psmc/data/round-91.psmc’
removed ‘/nobackup/beegfs/workspace/ks575/Data/Stinkbug/SB_population_data/Euschistus/mapping_new/psmc/data/round-92.psmc’
removed ‘/nobackup/beegfs/workspace/ks575/Data/Stinkbug/SB_population_data/Euschistus/mapping_new/psmc/data/round-93.psmc’
removed ‘/nobackup/beegfs/workspace/ks575/Data/Stinkbug/SB_population_data/Euschistus/mapping_new/psmc/data/round-94.psmc’
removed ‘/nobackup/beegfs/workspace/ks575/Data/Stinkbug/SB_population_data/Euschistus/mapping_new/psmc/data/round-95.psmc’
removed ‘/nobackup/beegfs/workspace/ks575/Data/Stinkbug/SB_population_data/Euschistus/mapping_new/psmc/data/round-96.psmc’
removed ‘/nobackup/beegfs/workspace/ks575/Data/Stinkbug/SB_population_data/Euschistus/mapping_new/psmc/data/round-97.psmc’
removed ‘/nobackup/beegfs/workspace/ks575/Data/Stinkbug/SB_population_data/Euschistus/mapping_new/psmc/data/round-98.psmc’
removed ‘/nobackup/beegfs/workspace/ks575/Data/Stinkbug/SB_population_data/Euschistus/mapping_new/psmc/data/round-99.psmc’
removed ‘/nobackup/beegfs/workspace/ks575/Data/Stinkbug/SB_population_data/Euschistus/mapping_new/psmc/data/round-9.psmc’
removed ‘/nobackup/beegfs/workspace/ks575/Data/Stinkbug/SB_population_data/Euschistus/mapping_new/psmc/data/split.psmcfa’
removed ‘/nobackup/beegfs/workspace/ks575/Data/Stinkbug/SB_population_data/Euschistus/mapping_new/psmc/data/GOPB22.psmc’
removed ‘/nobackup/beegfs/workspace/ks575/Data/Stinkbug/SB_population_data/Euschistus/mapping_new/psmc/data/round-100.psmc’
removed ‘/nobackup/beegfs/workspace/ks575/Data/Stinkbug/SB_population_data/Euschistus/mapping_new/psmc/data/round-10.psmc’
removed ‘/nobackup/beegfs/workspace/ks575/Data/Stinkbug/SB_population_data/Euschistus/mapping_new/psmc/data/round-11.psmc’
removed ‘/nobackup/beegfs/workspace/ks575/Data/Stinkbug/SB_population_data/Euschistus/mapping_new/psmc/data/round-12.psmc’
removed ‘/nobackup/beegfs/workspace/ks575/Data/Stinkbug/SB_population_data/Euschistus/mapping_new/psmc/data/round-13.psmc’
removed ‘/nobackup/beegfs/workspace/ks575/Data/Stinkbug/SB_population_data/Euschistus/mapping_new/psmc/data/round-14.psmc’
removed ‘/nobackup/beegfs/workspace/ks575/Data/Stinkbug/SB_population_data/Euschistus/mapping_new/psmc/data/round-15.psmc’
removed ‘/nobackup/beegfs/workspace/ks575/Data/Stinkbug/SB_population_data/Euschistus/mapping_new/psmc/data/round-16.psmc’
removed ‘/nobackup/beegfs/workspace/ks575/Data/Stinkbug/SB_population_data/Euschistus/mapping_new/psmc/data/round-17.psmc’
removed ‘/nobackup/beegfs/workspace/ks575/Data/Stinkbug/SB_population_data/Euschistus/mapping_new/psmc/data/round-18.psmc’
removed ‘/nobackup/beegfs/workspace/ks575/Data/Stinkbug/SB_population_data/Euschistus/mapping_new/psmc/data/round-19.psmc’
removed ‘/nobackup/beegfs/workspace/ks575/Data/Stinkbug/SB_population_data/Euschistus/mapping_new/psmc/data/round-1.psmc’
removed ‘/nobackup/beegfs/workspace/ks575/Data/Stinkbug/SB_population_data/Euschistus/mapping_new/psmc/data/round-20.psmc’
removed ‘/nobackup/beegfs/workspace/ks575/Data/Stinkbug/SB_population_data/Euschistus/mapping_new/psmc/data/round-21.psmc’
removed ‘/nobackup/beegfs/workspace/ks575/Data/Stinkbug/SB_population_data/Euschistus/mapping_new/psmc/data/round-22.psmc’
removed ‘/nobackup/beegfs/workspace/ks575/Data/Stinkbug/SB_population_data/Euschistus/mapping_new/psmc/data/round-23.psmc’
removed ‘/nobackup/beegfs/workspace/ks575/Data/Stinkbug/SB_population_data/Euschistus/mapping_new/psmc/data/round-24.psmc’
removed ‘/nobackup/beegfs/workspace/ks575/Data/Stinkbug/SB_population_data/Euschistus/mapping_new/psmc/data/round-25.psmc’
removed ‘/nobackup/beegfs/workspace/ks575/Data/Stinkbug/SB_population_data/Euschistus/mapping_new/psmc/data/round-26.psmc’
removed ‘/nobackup/beegfs/workspace/ks575/Data/Stinkbug/SB_population_data/Euschistus/mapping_new/psmc/data/round-27.psmc’
removed ‘/nobackup/beegfs/workspace/ks575/Data/Stinkbug/SB_population_data/Euschistus/mapping_new/psmc/data/round-28.psmc’
removed ‘/nobackup/beegfs/workspace/ks575/Data/Stinkbug/SB_population_data/Euschistus/mapping_new/psmc/data/round-29.psmc’
removed ‘/nobackup/beegfs/workspace/ks575/Data/Stinkbug/SB_population_data/Euschistus/mapping_new/psmc/data/round-2.psmc’
removed ‘/nobackup/beegfs/workspace/ks575/Data/Stinkbug/SB_population_data/Euschistus/mapping_new/psmc/data/round-30.psmc’
removed ‘/nobackup/beegfs/workspace/ks575/Data/Stinkbug/SB_population_data/Euschistus/mapping_new/psmc/data/round-31.psmc’
removed ‘/nobackup/beegfs/workspace/ks575/Data/Stinkbug/SB_population_data/Euschistus/mapping_new/psmc/data/round-32.psmc’
removed ‘/nobackup/beegfs/workspace/ks575/Data/Stinkbug/SB_population_data/Euschistus/mapping_new/psmc/data/round-33.psmc’
removed ‘/nobackup/beegfs/workspace/ks575/Data/Stinkbug/SB_population_data/Euschistus/mapping_new/psmc/data/round-34.psmc’
removed ‘/nobackup/beegfs/workspace/ks575/Data/Stinkbug/SB_population_data/Euschistus/mapping_new/psmc/data/round-35.psmc’
removed ‘/nobackup/beegfs/workspace/ks575/Data/Stinkbug/SB_population_data/Euschistus/mapping_new/psmc/data/round-36.psmc’
removed ‘/nobackup/beegfs/workspace/ks575/Data/Stinkbug/SB_population_data/Euschistus/mapping_new/psmc/data/round-37.psmc’
removed ‘/nobackup/beegfs/workspace/ks575/Data/Stinkbug/SB_population_data/Euschistus/mapping_new/psmc/data/round-38.psmc’
removed ‘/nobackup/beegfs/workspace/ks575/Data/Stinkbug/SB_population_data/Euschistus/mapping_new/psmc/data/round-39.psmc’
removed ‘/nobackup/beegfs/workspace/ks575/Data/Stinkbug/SB_population_data/Euschistus/mapping_new/psmc/data/round-3.psmc’
removed ‘/nobackup/beegfs/workspace/ks575/Data/Stinkbug/SB_population_data/Euschistus/mapping_new/psmc/data/round-40.psmc’
removed ‘/nobackup/beegfs/workspace/ks575/Data/Stinkbug/SB_population_data/Euschistus/mapping_new/psmc/data/round-41.psmc’
removed ‘/nobackup/beegfs/workspace/ks575/Data/Stinkbug/SB_population_data/Euschistus/mapping_new/psmc/data/round-42.psmc’
removed ‘/nobackup/beegfs/workspace/ks575/Data/Stinkbug/SB_population_data/Euschistus/mapping_new/psmc/data/round-43.psmc’
removed ‘/nobackup/beegfs/workspace/ks575/Data/Stinkbug/SB_population_data/Euschistus/mapping_new/psmc/data/round-44.psmc’
removed ‘/nobackup/beegfs/workspace/ks575/Data/Stinkbug/SB_population_data/Euschistus/mapping_new/psmc/data/round-45.psmc’
removed ‘/nobackup/beegfs/workspace/ks575/Data/Stinkbug/SB_population_data/Euschistus/mapping_new/psmc/data/round-46.psmc’
removed ‘/nobackup/beegfs/workspace/ks575/Data/Stinkbug/SB_population_data/Euschistus/mapping_new/psmc/data/round-47.psmc’
removed ‘/nobackup/beegfs/workspace/ks575/Data/Stinkbug/SB_population_data/Euschistus/mapping_new/psmc/data/round-48.psmc’
removed ‘/nobackup/beegfs/workspace/ks575/Data/Stinkbug/SB_population_data/Euschistus/mapping_new/psmc/data/round-49.psmc’
removed ‘/nobackup/beegfs/workspace/ks575/Data/Stinkbug/SB_population_data/Euschistus/mapping_new/psmc/data/round-4.psmc’
removed ‘/nobackup/beegfs/workspace/ks575/Data/Stinkbug/SB_population_data/Euschistus/mapping_new/psmc/data/round-50.psmc’
removed ‘/nobackup/beegfs/workspace/ks575/Data/Stinkbug/SB_population_data/Euschistus/mapping_new/psmc/data/round-51.psmc’
removed ‘/nobackup/beegfs/workspace/ks575/Data/Stinkbug/SB_population_data/Euschistus/mapping_new/psmc/data/round-52.psmc’
removed ‘/nobackup/beegfs/workspace/ks575/Data/Stinkbug/SB_population_data/Euschistus/mapping_new/psmc/data/round-53.psmc’
removed ‘/nobackup/beegfs/workspace/ks575/Data/Stinkbug/SB_population_data/Euschistus/mapping_new/psmc/data/round-54.psmc’
removed ‘/nobackup/beegfs/workspace/ks575/Data/Stinkbug/SB_population_data/Euschistus/mapping_new/psmc/data/round-55.psmc’
removed ‘/nobackup/beegfs/workspace/ks575/Data/Stinkbug/SB_population_data/Euschistus/mapping_new/psmc/data/round-56.psmc’
removed ‘/nobackup/beegfs/workspace/ks575/Data/Stinkbug/SB_population_data/Euschistus/mapping_new/psmc/data/round-57.psmc’
removed ‘/nobackup/beegfs/workspace/ks575/Data/Stinkbug/SB_population_data/Euschistus/mapping_new/psmc/data/round-58.psmc’
removed ‘/nobackup/beegfs/workspace/ks575/Data/Stinkbug/SB_population_data/Euschistus/mapping_new/psmc/data/round-59.psmc’
removed ‘/nobackup/beegfs/workspace/ks575/Data/Stinkbug/SB_population_data/Euschistus/mapping_new/psmc/data/round-5.psmc’
removed ‘/nobackup/beegfs/workspace/ks575/Data/Stinkbug/SB_population_data/Euschistus/mapping_new/psmc/data/round-60.psmc’
removed ‘/nobackup/beegfs/workspace/ks575/Data/Stinkbug/SB_population_data/Euschistus/mapping_new/psmc/data/round-61.psmc’
removed ‘/nobackup/beegfs/workspace/ks575/Data/Stinkbug/SB_population_data/Euschistus/mapping_new/psmc/data/round-62.psmc’
removed ‘/nobackup/beegfs/workspace/ks575/Data/Stinkbug/SB_population_data/Euschistus/mapping_new/psmc/data/round-63.psmc’
removed ‘/nobackup/beegfs/workspace/ks575/Data/Stinkbug/SB_population_data/Euschistus/mapping_new/psmc/data/round-64.psmc’
removed ‘/nobackup/beegfs/workspace/ks575/Data/Stinkbug/SB_population_data/Euschistus/mapping_new/psmc/data/round-65.psmc’
removed ‘/nobackup/beegfs/workspace/ks575/Data/Stinkbug/SB_population_data/Euschistus/mapping_new/psmc/data/round-66.psmc’
removed ‘/nobackup/beegfs/workspace/ks575/Data/Stinkbug/SB_population_data/Euschistus/mapping_new/psmc/data/round-67.psmc’
removed ‘/nobackup/beegfs/workspace/ks575/Data/Stinkbug/SB_population_data/Euschistus/mapping_new/psmc/data/round-68.psmc’
removed ‘/nobackup/beegfs/workspace/ks575/Data/Stinkbug/SB_population_data/Euschistus/mapping_new/psmc/data/round-69.psmc’
removed ‘/nobackup/beegfs/workspace/ks575/Data/Stinkbug/SB_population_data/Euschistus/mapping_new/psmc/data/round-6.psmc’
removed ‘/nobackup/beegfs/workspace/ks575/Data/Stinkbug/SB_population_data/Euschistus/mapping_new/psmc/data/round-70.psmc’
removed ‘/nobackup/beegfs/workspace/ks575/Data/Stinkbug/SB_population_data/Euschistus/mapping_new/psmc/data/round-71.psmc’
removed ‘/nobackup/beegfs/workspace/ks575/Data/Stinkbug/SB_population_data/Euschistus/mapping_new/psmc/data/round-72.psmc’
removed ‘/nobackup/beegfs/workspace/ks575/Data/Stinkbug/SB_population_data/Euschistus/mapping_new/psmc/data/round-73.psmc’
removed ‘/nobackup/beegfs/workspace/ks575/Data/Stinkbug/SB_population_data/Euschistus/mapping_new/psmc/data/round-74.psmc’
removed ‘/nobackup/beegfs/workspace/ks575/Data/Stinkbug/SB_population_data/Euschistus/mapping_new/psmc/data/round-75.psmc’
removed ‘/nobackup/beegfs/workspace/ks575/Data/Stinkbug/SB_population_data/Euschistus/mapping_new/psmc/data/round-76.psmc’
removed ‘/nobackup/beegfs/workspace/ks575/Data/Stinkbug/SB_population_data/Euschistus/mapping_new/psmc/data/round-77.psmc’
removed ‘/nobackup/beegfs/workspace/ks575/Data/Stinkbug/SB_population_data/Euschistus/mapping_new/psmc/data/round-78.psmc’
removed ‘/nobackup/beegfs/workspace/ks575/Data/Stinkbug/SB_population_data/Euschistus/mapping_new/psmc/data/round-79.psmc’
removed ‘/nobackup/beegfs/workspace/ks575/Data/Stinkbug/SB_population_data/Euschistus/mapping_new/psmc/data/round-7.psmc’
removed ‘/nobackup/beegfs/workspace/ks575/Data/Stinkbug/SB_population_data/Euschistus/mapping_new/psmc/data/round-80.psmc’
removed ‘/nobackup/beegfs/workspace/ks575/Data/Stinkbug/SB_population_data/Euschistus/mapping_new/psmc/data/round-81.psmc’
removed ‘/nobackup/beegfs/workspace/ks575/Data/Stinkbug/SB_population_data/Euschistus/mapping_new/psmc/data/round-82.psmc’
removed ‘/nobackup/beegfs/workspace/ks575/Data/Stinkbug/SB_population_data/Euschistus/mapping_new/psmc/data/round-83.psmc’
removed ‘/nobackup/beegfs/workspace/ks575/Data/Stinkbug/SB_population_data/Euschistus/mapping_new/psmc/data/round-84.psmc’
removed ‘/nobackup/beegfs/workspace/ks575/Data/Stinkbug/SB_population_data/Euschistus/mapping_new/psmc/data/round-85.psmc’
removed ‘/nobackup/beegfs/workspace/ks575/Data/Stinkbug/SB_population_data/Euschistus/mapping_new/psmc/data/round-86.psmc’
removed ‘/nobackup/beegfs/workspace/ks575/Data/Stinkbug/SB_population_data/Euschistus/mapping_new/psmc/data/round-87.psmc’
removed ‘/nobackup/beegfs/workspace/ks575/Data/Stinkbug/SB_population_data/Euschistus/mapping_new/psmc/data/round-88.psmc’
removed ‘/nobackup/beegfs/workspace/ks575/Data/Stinkbug/SB_population_data/Euschistus/mapping_new/psmc/data/round-89.psmc’
removed ‘/nobackup/beegfs/workspace/ks575/Data/Stinkbug/SB_population_data/Euschistus/mapping_new/psmc/data/round-8.psmc’
removed ‘/nobackup/beegfs/workspace/ks575/Data/Stinkbug/SB_population_data/Euschistus/mapping_new/psmc/data/round-90.psmc’
removed ‘/nobackup/beegfs/workspace/ks575/Data/Stinkbug/SB_population_data/Euschistus/mapping_new/psmc/data/round-91.psmc’
removed ‘/nobackup/beegfs/workspace/ks575/Data/Stinkbug/SB_population_data/Euschistus/mapping_new/psmc/data/round-92.psmc’
removed ‘/nobackup/beegfs/workspace/ks575/Data/Stinkbug/SB_population_data/Euschistus/mapping_new/psmc/data/round-93.psmc’
removed ‘/nobackup/beegfs/workspace/ks575/Data/Stinkbug/SB_population_data/Euschistus/mapping_new/psmc/data/round-94.psmc’
removed ‘/nobackup/beegfs/workspace/ks575/Data/Stinkbug/SB_population_data/Euschistus/mapping_new/psmc/data/round-95.psmc’
removed ‘/nobackup/beegfs/workspace/ks575/Data/Stinkbug/SB_population_data/Euschistus/mapping_new/psmc/data/round-96.psmc’
removed ‘/nobackup/beegfs/workspace/ks575/Data/Stinkbug/SB_population_data/Euschistus/mapping_new/psmc/data/round-97.psmc’
removed ‘/nobackup/beegfs/workspace/ks575/Data/Stinkbug/SB_population_data/Euschistus/mapping_new/psmc/data/round-98.psmc’
removed ‘/nobackup/beegfs/workspace/ks575/Data/Stinkbug/SB_population_data/Euschistus/mapping_new/psmc/data/round-99.psmc’
removed ‘/nobackup/beegfs/workspace/ks575/Data/Stinkbug/SB_population_data/Euschistus/mapping_new/psmc/data/round-9.psmc’
removed ‘/nobackup/beegfs/workspace/ks575/Data/Stinkbug/SB_population_data/Euschistus/mapping_new/psmc/data/split.psmcfa’
removed ‘/nobackup/beegfs/workspace/ks575/Data/Stinkbug/SB_population_data/Euschistus/mapping_new/psmc/data/MTR39.psmc’
removed ‘/nobackup/beegfs/workspace/ks575/Data/Stinkbug/SB_population_data/Euschistus/mapping_new/psmc/data/round-100.psmc’
removed ‘/nobackup/beegfs/workspace/ks575/Data/Stinkbug/SB_population_data/Euschistus/mapping_new/psmc/data/round-10.psmc’
removed ‘/nobackup/beegfs/workspace/ks575/Data/Stinkbug/SB_population_data/Euschistus/mapping_new/psmc/data/round-11.psmc’
removed ‘/nobackup/beegfs/workspace/ks575/Data/Stinkbug/SB_population_data/Euschistus/mapping_new/psmc/data/round-12.psmc’
removed ‘/nobackup/beegfs/workspace/ks575/Data/Stinkbug/SB_population_data/Euschistus/mapping_new/psmc/data/round-13.psmc’
removed ‘/nobackup/beegfs/workspace/ks575/Data/Stinkbug/SB_population_data/Euschistus/mapping_new/psmc/data/round-14.psmc’
removed ‘/nobackup/beegfs/workspace/ks575/Data/Stinkbug/SB_population_data/Euschistus/mapping_new/psmc/data/round-15.psmc’
removed ‘/nobackup/beegfs/workspace/ks575/Data/Stinkbug/SB_population_data/Euschistus/mapping_new/psmc/data/round-16.psmc’
removed ‘/nobackup/beegfs/workspace/ks575/Data/Stinkbug/SB_population_data/Euschistus/mapping_new/psmc/data/round-17.psmc’
removed ‘/nobackup/beegfs/workspace/ks575/Data/Stinkbug/SB_population_data/Euschistus/mapping_new/psmc/data/round-18.psmc’
removed ‘/nobackup/beegfs/workspace/ks575/Data/Stinkbug/SB_population_data/Euschistus/mapping_new/psmc/data/round-19.psmc’
removed ‘/nobackup/beegfs/workspace/ks575/Data/Stinkbug/SB_population_data/Euschistus/mapping_new/psmc/data/round-1.psmc’
removed ‘/nobackup/beegfs/workspace/ks575/Data/Stinkbug/SB_population_data/Euschistus/mapping_new/psmc/data/round-20.psmc’
removed ‘/nobackup/beegfs/workspace/ks575/Data/Stinkbug/SB_population_data/Euschistus/mapping_new/psmc/data/round-21.psmc’
removed ‘/nobackup/beegfs/workspace/ks575/Data/Stinkbug/SB_population_data/Euschistus/mapping_new/psmc/data/round-22.psmc’
removed ‘/nobackup/beegfs/workspace/ks575/Data/Stinkbug/SB_population_data/Euschistus/mapping_new/psmc/data/round-23.psmc’
removed ‘/nobackup/beegfs/workspace/ks575/Data/Stinkbug/SB_population_data/Euschistus/mapping_new/psmc/data/round-24.psmc’
removed ‘/nobackup/beegfs/workspace/ks575/Data/Stinkbug/SB_population_data/Euschistus/mapping_new/psmc/data/round-25.psmc’
removed ‘/nobackup/beegfs/workspace/ks575/Data/Stinkbug/SB_population_data/Euschistus/mapping_new/psmc/data/round-26.psmc’
removed ‘/nobackup/beegfs/workspace/ks575/Data/Stinkbug/SB_population_data/Euschistus/mapping_new/psmc/data/round-27.psmc’
removed ‘/nobackup/beegfs/workspace/ks575/Data/Stinkbug/SB_population_data/Euschistus/mapping_new/psmc/data/round-28.psmc’
removed ‘/nobackup/beegfs/workspace/ks575/Data/Stinkbug/SB_population_data/Euschistus/mapping_new/psmc/data/round-29.psmc’
removed ‘/nobackup/beegfs/workspace/ks575/Data/Stinkbug/SB_population_data/Euschistus/mapping_new/psmc/data/round-2.psmc’
removed ‘/nobackup/beegfs/workspace/ks575/Data/Stinkbug/SB_population_data/Euschistus/mapping_new/psmc/data/round-30.psmc’
removed ‘/nobackup/beegfs/workspace/ks575/Data/Stinkbug/SB_population_data/Euschistus/mapping_new/psmc/data/round-31.psmc’
removed ‘/nobackup/beegfs/workspace/ks575/Data/Stinkbug/SB_population_data/Euschistus/mapping_new/psmc/data/round-32.psmc’
removed ‘/nobackup/beegfs/workspace/ks575/Data/Stinkbug/SB_population_data/Euschistus/mapping_new/psmc/data/round-33.psmc’
removed ‘/nobackup/beegfs/workspace/ks575/Data/Stinkbug/SB_population_data/Euschistus/mapping_new/psmc/data/round-34.psmc’
removed ‘/nobackup/beegfs/workspace/ks575/Data/Stinkbug/SB_population_data/Euschistus/mapping_new/psmc/data/round-35.psmc’
removed ‘/nobackup/beegfs/workspace/ks575/Data/Stinkbug/SB_population_data/Euschistus/mapping_new/psmc/data/round-36.psmc’
removed ‘/nobackup/beegfs/workspace/ks575/Data/Stinkbug/SB_population_data/Euschistus/mapping_new/psmc/data/round-37.psmc’
removed ‘/nobackup/beegfs/workspace/ks575/Data/Stinkbug/SB_population_data/Euschistus/mapping_new/psmc/data/round-38.psmc’
removed ‘/nobackup/beegfs/workspace/ks575/Data/Stinkbug/SB_population_data/Euschistus/mapping_new/psmc/data/round-39.psmc’
removed ‘/nobackup/beegfs/workspace/ks575/Data/Stinkbug/SB_population_data/Euschistus/mapping_new/psmc/data/round-3.psmc’
removed ‘/nobackup/beegfs/workspace/ks575/Data/Stinkbug/SB_population_data/Euschistus/mapping_new/psmc/data/round-40.psmc’
removed ‘/nobackup/beegfs/workspace/ks575/Data/Stinkbug/SB_population_data/Euschistus/mapping_new/psmc/data/round-41.psmc’
removed ‘/nobackup/beegfs/workspace/ks575/Data/Stinkbug/SB_population_data/Euschistus/mapping_new/psmc/data/round-42.psmc’
removed ‘/nobackup/beegfs/workspace/ks575/Data/Stinkbug/SB_population_data/Euschistus/mapping_new/psmc/data/round-43.psmc’
removed ‘/nobackup/beegfs/workspace/ks575/Data/Stinkbug/SB_population_data/Euschistus/mapping_new/psmc/data/round-44.psmc’
removed ‘/nobackup/beegfs/workspace/ks575/Data/Stinkbug/SB_population_data/Euschistus/mapping_new/psmc/data/round-45.psmc’
removed ‘/nobackup/beegfs/workspace/ks575/Data/Stinkbug/SB_population_data/Euschistus/mapping_new/psmc/data/round-46.psmc’
removed ‘/nobackup/beegfs/workspace/ks575/Data/Stinkbug/SB_population_data/Euschistus/mapping_new/psmc/data/round-47.psmc’
removed ‘/nobackup/beegfs/workspace/ks575/Data/Stinkbug/SB_population_data/Euschistus/mapping_new/psmc/data/round-48.psmc’
removed ‘/nobackup/beegfs/workspace/ks575/Data/Stinkbug/SB_population_data/Euschistus/mapping_new/psmc/data/round-49.psmc’
removed ‘/nobackup/beegfs/workspace/ks575/Data/Stinkbug/SB_population_data/Euschistus/mapping_new/psmc/data/round-4.psmc’
removed ‘/nobackup/beegfs/workspace/ks575/Data/Stinkbug/SB_population_data/Euschistus/mapping_new/psmc/data/round-50.psmc’
removed ‘/nobackup/beegfs/workspace/ks575/Data/Stinkbug/SB_population_data/Euschistus/mapping_new/psmc/data/round-51.psmc’
removed ‘/nobackup/beegfs/workspace/ks575/Data/Stinkbug/SB_population_data/Euschistus/mapping_new/psmc/data/round-52.psmc’
removed ‘/nobackup/beegfs/workspace/ks575/Data/Stinkbug/SB_population_data/Euschistus/mapping_new/psmc/data/round-53.psmc’
removed ‘/nobackup/beegfs/workspace/ks575/Data/Stinkbug/SB_population_data/Euschistus/mapping_new/psmc/data/round-54.psmc’
removed ‘/nobackup/beegfs/workspace/ks575/Data/Stinkbug/SB_population_data/Euschistus/mapping_new/psmc/data/round-55.psmc’
removed ‘/nobackup/beegfs/workspace/ks575/Data/Stinkbug/SB_population_data/Euschistus/mapping_new/psmc/data/round-56.psmc’
removed ‘/nobackup/beegfs/workspace/ks575/Data/Stinkbug/SB_population_data/Euschistus/mapping_new/psmc/data/round-57.psmc’
removed ‘/nobackup/beegfs/workspace/ks575/Data/Stinkbug/SB_population_data/Euschistus/mapping_new/psmc/data/round-58.psmc’
removed ‘/nobackup/beegfs/workspace/ks575/Data/Stinkbug/SB_population_data/Euschistus/mapping_new/psmc/data/round-59.psmc’
removed ‘/nobackup/beegfs/workspace/ks575/Data/Stinkbug/SB_population_data/Euschistus/mapping_new/psmc/data/round-5.psmc’
removed ‘/nobackup/beegfs/workspace/ks575/Data/Stinkbug/SB_population_data/Euschistus/mapping_new/psmc/data/round-60.psmc’
removed ‘/nobackup/beegfs/workspace/ks575/Data/Stinkbug/SB_population_data/Euschistus/mapping_new/psmc/data/round-61.psmc’
removed ‘/nobackup/beegfs/workspace/ks575/Data/Stinkbug/SB_population_data/Euschistus/mapping_new/psmc/data/round-62.psmc’
removed ‘/nobackup/beegfs/workspace/ks575/Data/Stinkbug/SB_population_data/Euschistus/mapping_new/psmc/data/round-63.psmc’
removed ‘/nobackup/beegfs/workspace/ks575/Data/Stinkbug/SB_population_data/Euschistus/mapping_new/psmc/data/round-64.psmc’
removed ‘/nobackup/beegfs/workspace/ks575/Data/Stinkbug/SB_population_data/Euschistus/mapping_new/psmc/data/round-65.psmc’
removed ‘/nobackup/beegfs/workspace/ks575/Data/Stinkbug/SB_population_data/Euschistus/mapping_new/psmc/data/round-66.psmc’
removed ‘/nobackup/beegfs/workspace/ks575/Data/Stinkbug/SB_population_data/Euschistus/mapping_new/psmc/data/round-67.psmc’
removed ‘/nobackup/beegfs/workspace/ks575/Data/Stinkbug/SB_population_data/Euschistus/mapping_new/psmc/data/round-68.psmc’
removed ‘/nobackup/beegfs/workspace/ks575/Data/Stinkbug/SB_population_data/Euschistus/mapping_new/psmc/data/round-69.psmc’
removed ‘/nobackup/beegfs/workspace/ks575/Data/Stinkbug/SB_population_data/Euschistus/mapping_new/psmc/data/round-6.psmc’
removed ‘/nobackup/beegfs/workspace/ks575/Data/Stinkbug/SB_population_data/Euschistus/mapping_new/psmc/data/round-70.psmc’
removed ‘/nobackup/beegfs/workspace/ks575/Data/Stinkbug/SB_population_data/Euschistus/mapping_new/psmc/data/round-71.psmc’
removed ‘/nobackup/beegfs/workspace/ks575/Data/Stinkbug/SB_population_data/Euschistus/mapping_new/psmc/data/round-72.psmc’
removed ‘/nobackup/beegfs/workspace/ks575/Data/Stinkbug/SB_population_data/Euschistus/mapping_new/psmc/data/round-73.psmc’
removed ‘/nobackup/beegfs/workspace/ks575/Data/Stinkbug/SB_population_data/Euschistus/mapping_new/psmc/data/round-74.psmc’
removed ‘/nobackup/beegfs/workspace/ks575/Data/Stinkbug/SB_population_data/Euschistus/mapping_new/psmc/data/round-75.psmc’
removed ‘/nobackup/beegfs/workspace/ks575/Data/Stinkbug/SB_population_data/Euschistus/mapping_new/psmc/data/round-76.psmc’
removed ‘/nobackup/beegfs/workspace/ks575/Data/Stinkbug/SB_population_data/Euschistus/mapping_new/psmc/data/round-77.psmc’
removed ‘/nobackup/beegfs/workspace/ks575/Data/Stinkbug/SB_population_data/Euschistus/mapping_new/psmc/data/round-78.psmc’
removed ‘/nobackup/beegfs/workspace/ks575/Data/Stinkbug/SB_population_data/Euschistus/mapping_new/psmc/data/round-79.psmc’
removed ‘/nobackup/beegfs/workspace/ks575/Data/Stinkbug/SB_population_data/Euschistus/mapping_new/psmc/data/round-7.psmc’
removed ‘/nobackup/beegfs/workspace/ks575/Data/Stinkbug/SB_population_data/Euschistus/mapping_new/psmc/data/round-80.psmc’
removed ‘/nobackup/beegfs/workspace/ks575/Data/Stinkbug/SB_population_data/Euschistus/mapping_new/psmc/data/round-81.psmc’
removed ‘/nobackup/beegfs/workspace/ks575/Data/Stinkbug/SB_population_data/Euschistus/mapping_new/psmc/data/round-82.psmc’
removed ‘/nobackup/beegfs/workspace/ks575/Data/Stinkbug/SB_population_data/Euschistus/mapping_new/psmc/data/round-83.psmc’
removed ‘/nobackup/beegfs/workspace/ks575/Data/Stinkbug/SB_population_data/Euschistus/mapping_new/psmc/data/round-84.psmc’
removed ‘/nobackup/beegfs/workspace/ks575/Data/Stinkbug/SB_population_data/Euschistus/mapping_new/psmc/data/round-85.psmc’
removed ‘/nobackup/beegfs/workspace/ks575/Data/Stinkbug/SB_population_data/Euschistus/mapping_new/psmc/data/round-86.psmc’
removed ‘/nobackup/beegfs/workspace/ks575/Data/Stinkbug/SB_population_data/Euschistus/mapping_new/psmc/data/round-87.psmc’
removed ‘/nobackup/beegfs/workspace/ks575/Data/Stinkbug/SB_population_data/Euschistus/mapping_new/psmc/data/round-88.psmc’
removed ‘/nobackup/beegfs/workspace/ks575/Data/Stinkbug/SB_population_data/Euschistus/mapping_new/psmc/data/round-89.psmc’
removed ‘/nobackup/beegfs/workspace/ks575/Data/Stinkbug/SB_population_data/Euschistus/mapping_new/psmc/data/round-8.psmc’
removed ‘/nobackup/beegfs/workspace/ks575/Data/Stinkbug/SB_population_data/Euschistus/mapping_new/psmc/data/round-90.psmc’
removed ‘/nobackup/beegfs/workspace/ks575/Data/Stinkbug/SB_population_data/Euschistus/mapping_new/psmc/data/round-91.psmc’
removed ‘/nobackup/beegfs/workspace/ks575/Data/Stinkbug/SB_population_data/Euschistus/mapping_new/psmc/data/round-92.psmc’
removed ‘/nobackup/beegfs/workspace/ks575/Data/Stinkbug/SB_population_data/Euschistus/mapping_new/psmc/data/round-93.psmc’
removed ‘/nobackup/beegfs/workspace/ks575/Data/Stinkbug/SB_population_data/Euschistus/mapping_new/psmc/data/round-94.psmc’
removed ‘/nobackup/beegfs/workspace/ks575/Data/Stinkbug/SB_population_data/Euschistus/mapping_new/psmc/data/round-95.psmc’
removed ‘/nobackup/beegfs/workspace/ks575/Data/Stinkbug/SB_population_data/Euschistus/mapping_new/psmc/data/round-96.psmc’
removed ‘/nobackup/beegfs/workspace/ks575/Data/Stinkbug/SB_population_data/Euschistus/mapping_new/psmc/data/round-97.psmc’
removed ‘/nobackup/beegfs/workspace/ks575/Data/Stinkbug/SB_population_data/Euschistus/mapping_new/psmc/data/round-98.psmc’
removed ‘/nobackup/beegfs/workspace/ks575/Data/Stinkbug/SB_population_data/Euschistus/mapping_new/psmc/data/round-99.psmc’
removed ‘/nobackup/beegfs/workspace/ks575/Data/Stinkbug/SB_population_data/Euschistus/mapping_new/psmc/data/round-9.psmc’
removed ‘/nobackup/beegfs/workspace/ks575/Data/Stinkbug/SB_population_data/Euschistus/mapping_new/psmc/data/split.psmcfa’
removed ‘/nobackup/beegfs/workspace/ks575/Data/Stinkbug/SB_population_data/Euschistus/mapping_new/psmc/data/PIB7.psmc’
removed ‘/nobackup/beegfs/workspace/ks575/Data/Stinkbug/SB_population_data/Euschistus/mapping_new/psmc/data/round-100.psmc’
removed ‘/nobackup/beegfs/workspace/ks575/Data/Stinkbug/SB_population_data/Euschistus/mapping_new/psmc/data/round-10.psmc’
removed ‘/nobackup/beegfs/workspace/ks575/Data/Stinkbug/SB_population_data/Euschistus/mapping_new/psmc/data/round-11.psmc’
removed ‘/nobackup/beegfs/workspace/ks575/Data/Stinkbug/SB_population_data/Euschistus/mapping_new/psmc/data/round-12.psmc’
removed ‘/nobackup/beegfs/workspace/ks575/Data/Stinkbug/SB_population_data/Euschistus/mapping_new/psmc/data/round-13.psmc’
removed ‘/nobackup/beegfs/workspace/ks575/Data/Stinkbug/SB_population_data/Euschistus/mapping_new/psmc/data/round-14.psmc’
removed ‘/nobackup/beegfs/workspace/ks575/Data/Stinkbug/SB_population_data/Euschistus/mapping_new/psmc/data/round-15.psmc’
removed ‘/nobackup/beegfs/workspace/ks575/Data/Stinkbug/SB_population_data/Euschistus/mapping_new/psmc/data/round-16.psmc’
removed ‘/nobackup/beegfs/workspace/ks575/Data/Stinkbug/SB_population_data/Euschistus/mapping_new/psmc/data/round-17.psmc’
removed ‘/nobackup/beegfs/workspace/ks575/Data/Stinkbug/SB_population_data/Euschistus/mapping_new/psmc/data/round-18.psmc’
removed ‘/nobackup/beegfs/workspace/ks575/Data/Stinkbug/SB_population_data/Euschistus/mapping_new/psmc/data/round-19.psmc’
removed ‘/nobackup/beegfs/workspace/ks575/Data/Stinkbug/SB_population_data/Euschistus/mapping_new/psmc/data/round-1.psmc’
removed ‘/nobackup/beegfs/workspace/ks575/Data/Stinkbug/SB_population_data/Euschistus/mapping_new/psmc/data/round-20.psmc’
removed ‘/nobackup/beegfs/workspace/ks575/Data/Stinkbug/SB_population_data/Euschistus/mapping_new/psmc/data/round-21.psmc’
removed ‘/nobackup/beegfs/workspace/ks575/Data/Stinkbug/SB_population_data/Euschistus/mapping_new/psmc/data/round-22.psmc’
removed ‘/nobackup/beegfs/workspace/ks575/Data/Stinkbug/SB_population_data/Euschistus/mapping_new/psmc/data/round-23.psmc’
removed ‘/nobackup/beegfs/workspace/ks575/Data/Stinkbug/SB_population_data/Euschistus/mapping_new/psmc/data/round-24.psmc’
removed ‘/nobackup/beegfs/workspace/ks575/Data/Stinkbug/SB_population_data/Euschistus/mapping_new/psmc/data/round-25.psmc’
removed ‘/nobackup/beegfs/workspace/ks575/Data/Stinkbug/SB_population_data/Euschistus/mapping_new/psmc/data/round-26.psmc’
removed ‘/nobackup/beegfs/workspace/ks575/Data/Stinkbug/SB_population_data/Euschistus/mapping_new/psmc/data/round-27.psmc’
removed ‘/nobackup/beegfs/workspace/ks575/Data/Stinkbug/SB_population_data/Euschistus/mapping_new/psmc/data/round-28.psmc’
removed ‘/nobackup/beegfs/workspace/ks575/Data/Stinkbug/SB_population_data/Euschistus/mapping_new/psmc/data/round-29.psmc’
removed ‘/nobackup/beegfs/workspace/ks575/Data/Stinkbug/SB_population_data/Euschistus/mapping_new/psmc/data/round-2.psmc’
removed ‘/nobackup/beegfs/workspace/ks575/Data/Stinkbug/SB_population_data/Euschistus/mapping_new/psmc/data/round-30.psmc’
removed ‘/nobackup/beegfs/workspace/ks575/Data/Stinkbug/SB_population_data/Euschistus/mapping_new/psmc/data/round-31.psmc’
removed ‘/nobackup/beegfs/workspace/ks575/Data/Stinkbug/SB_population_data/Euschistus/mapping_new/psmc/data/round-32.psmc’
removed ‘/nobackup/beegfs/workspace/ks575/Data/Stinkbug/SB_population_data/Euschistus/mapping_new/psmc/data/round-33.psmc’
removed ‘/nobackup/beegfs/workspace/ks575/Data/Stinkbug/SB_population_data/Euschistus/mapping_new/psmc/data/round-34.psmc’
removed ‘/nobackup/beegfs/workspace/ks575/Data/Stinkbug/SB_population_data/Euschistus/mapping_new/psmc/data/round-35.psmc’
removed ‘/nobackup/beegfs/workspace/ks575/Data/Stinkbug/SB_population_data/Euschistus/mapping_new/psmc/data/round-36.psmc’
removed ‘/nobackup/beegfs/workspace/ks575/Data/Stinkbug/SB_population_data/Euschistus/mapping_new/psmc/data/round-37.psmc’
removed ‘/nobackup/beegfs/workspace/ks575/Data/Stinkbug/SB_population_data/Euschistus/mapping_new/psmc/data/round-38.psmc’
removed ‘/nobackup/beegfs/workspace/ks575/Data/Stinkbug/SB_population_data/Euschistus/mapping_new/psmc/data/round-39.psmc’
removed ‘/nobackup/beegfs/workspace/ks575/Data/Stinkbug/SB_population_data/Euschistus/mapping_new/psmc/data/round-3.psmc’
removed ‘/nobackup/beegfs/workspace/ks575/Data/Stinkbug/SB_population_data/Euschistus/mapping_new/psmc/data/round-40.psmc’
removed ‘/nobackup/beegfs/workspace/ks575/Data/Stinkbug/SB_population_data/Euschistus/mapping_new/psmc/data/round-41.psmc’
removed ‘/nobackup/beegfs/workspace/ks575/Data/Stinkbug/SB_population_data/Euschistus/mapping_new/psmc/data/round-42.psmc’
removed ‘/nobackup/beegfs/workspace/ks575/Data/Stinkbug/SB_population_data/Euschistus/mapping_new/psmc/data/round-43.psmc’
removed ‘/nobackup/beegfs/workspace/ks575/Data/Stinkbug/SB_population_data/Euschistus/mapping_new/psmc/data/round-44.psmc’
removed ‘/nobackup/beegfs/workspace/ks575/Data/Stinkbug/SB_population_data/Euschistus/mapping_new/psmc/data/round-45.psmc’
removed ‘/nobackup/beegfs/workspace/ks575/Data/Stinkbug/SB_population_data/Euschistus/mapping_new/psmc/data/round-46.psmc’
removed ‘/nobackup/beegfs/workspace/ks575/Data/Stinkbug/SB_population_data/Euschistus/mapping_new/psmc/data/round-47.psmc’
removed ‘/nobackup/beegfs/workspace/ks575/Data/Stinkbug/SB_population_data/Euschistus/mapping_new/psmc/data/round-48.psmc’
removed ‘/nobackup/beegfs/workspace/ks575/Data/Stinkbug/SB_population_data/Euschistus/mapping_new/psmc/data/round-49.psmc’
removed ‘/nobackup/beegfs/workspace/ks575/Data/Stinkbug/SB_population_data/Euschistus/mapping_new/psmc/data/round-4.psmc’
removed ‘/nobackup/beegfs/workspace/ks575/Data/Stinkbug/SB_population_data/Euschistus/mapping_new/psmc/data/round-50.psmc’
removed ‘/nobackup/beegfs/workspace/ks575/Data/Stinkbug/SB_population_data/Euschistus/mapping_new/psmc/data/round-51.psmc’
removed ‘/nobackup/beegfs/workspace/ks575/Data/Stinkbug/SB_population_data/Euschistus/mapping_new/psmc/data/round-52.psmc’
removed ‘/nobackup/beegfs/workspace/ks575/Data/Stinkbug/SB_population_data/Euschistus/mapping_new/psmc/data/round-53.psmc’
removed ‘/nobackup/beegfs/workspace/ks575/Data/Stinkbug/SB_population_data/Euschistus/mapping_new/psmc/data/round-54.psmc’
removed ‘/nobackup/beegfs/workspace/ks575/Data/Stinkbug/SB_population_data/Euschistus/mapping_new/psmc/data/round-55.psmc’
removed ‘/nobackup/beegfs/workspace/ks575/Data/Stinkbug/SB_population_data/Euschistus/mapping_new/psmc/data/round-56.psmc’
removed ‘/nobackup/beegfs/workspace/ks575/Data/Stinkbug/SB_population_data/Euschistus/mapping_new/psmc/data/round-57.psmc’
removed ‘/nobackup/beegfs/workspace/ks575/Data/Stinkbug/SB_population_data/Euschistus/mapping_new/psmc/data/round-58.psmc’
removed ‘/nobackup/beegfs/workspace/ks575/Data/Stinkbug/SB_population_data/Euschistus/mapping_new/psmc/data/round-59.psmc’
removed ‘/nobackup/beegfs/workspace/ks575/Data/Stinkbug/SB_population_data/Euschistus/mapping_new/psmc/data/round-5.psmc’
removed ‘/nobackup/beegfs/workspace/ks575/Data/Stinkbug/SB_population_data/Euschistus/mapping_new/psmc/data/round-60.psmc’
removed ‘/nobackup/beegfs/workspace/ks575/Data/Stinkbug/SB_population_data/Euschistus/mapping_new/psmc/data/round-61.psmc’
removed ‘/nobackup/beegfs/workspace/ks575/Data/Stinkbug/SB_population_data/Euschistus/mapping_new/psmc/data/round-62.psmc’
removed ‘/nobackup/beegfs/workspace/ks575/Data/Stinkbug/SB_population_data/Euschistus/mapping_new/psmc/data/round-63.psmc’
removed ‘/nobackup/beegfs/workspace/ks575/Data/Stinkbug/SB_population_data/Euschistus/mapping_new/psmc/data/round-64.psmc’
removed ‘/nobackup/beegfs/workspace/ks575/Data/Stinkbug/SB_population_data/Euschistus/mapping_new/psmc/data/round-65.psmc’
removed ‘/nobackup/beegfs/workspace/ks575/Data/Stinkbug/SB_population_data/Euschistus/mapping_new/psmc/data/round-66.psmc’
removed ‘/nobackup/beegfs/workspace/ks575/Data/Stinkbug/SB_population_data/Euschistus/mapping_new/psmc/data/round-67.psmc’
removed ‘/nobackup/beegfs/workspace/ks575/Data/Stinkbug/SB_population_data/Euschistus/mapping_new/psmc/data/round-68.psmc’
removed ‘/nobackup/beegfs/workspace/ks575/Data/Stinkbug/SB_population_data/Euschistus/mapping_new/psmc/data/round-69.psmc’
removed ‘/nobackup/beegfs/workspace/ks575/Data/Stinkbug/SB_population_data/Euschistus/mapping_new/psmc/data/round-6.psmc’
removed ‘/nobackup/beegfs/workspace/ks575/Data/Stinkbug/SB_population_data/Euschistus/mapping_new/psmc/data/round-70.psmc’
removed ‘/nobackup/beegfs/workspace/ks575/Data/Stinkbug/SB_population_data/Euschistus/mapping_new/psmc/data/round-71.psmc’
removed ‘/nobackup/beegfs/workspace/ks575/Data/Stinkbug/SB_population_data/Euschistus/mapping_new/psmc/data/round-72.psmc’
removed ‘/nobackup/beegfs/workspace/ks575/Data/Stinkbug/SB_population_data/Euschistus/mapping_new/psmc/data/round-73.psmc’
removed ‘/nobackup/beegfs/workspace/ks575/Data/Stinkbug/SB_population_data/Euschistus/mapping_new/psmc/data/round-74.psmc’
removed ‘/nobackup/beegfs/workspace/ks575/Data/Stinkbug/SB_population_data/Euschistus/mapping_new/psmc/data/round-75.psmc’
removed ‘/nobackup/beegfs/workspace/ks575/Data/Stinkbug/SB_population_data/Euschistus/mapping_new/psmc/data/round-76.psmc’
removed ‘/nobackup/beegfs/workspace/ks575/Data/Stinkbug/SB_population_data/Euschistus/mapping_new/psmc/data/round-77.psmc’
removed ‘/nobackup/beegfs/workspace/ks575/Data/Stinkbug/SB_population_data/Euschistus/mapping_new/psmc/data/round-78.psmc’
removed ‘/nobackup/beegfs/workspace/ks575/Data/Stinkbug/SB_population_data/Euschistus/mapping_new/psmc/data/round-79.psmc’
removed ‘/nobackup/beegfs/workspace/ks575/Data/Stinkbug/SB_population_data/Euschistus/mapping_new/psmc/data/round-7.psmc’
removed ‘/nobackup/beegfs/workspace/ks575/Data/Stinkbug/SB_population_data/Euschistus/mapping_new/psmc/data/round-80.psmc’
removed ‘/nobackup/beegfs/workspace/ks575/Data/Stinkbug/SB_population_data/Euschistus/mapping_new/psmc/data/round-81.psmc’
removed ‘/nobackup/beegfs/workspace/ks575/Data/Stinkbug/SB_population_data/Euschistus/mapping_new/psmc/data/round-82.psmc’
removed ‘/nobackup/beegfs/workspace/ks575/Data/Stinkbug/SB_population_data/Euschistus/mapping_new/psmc/data/round-83.psmc’
removed ‘/nobackup/beegfs/workspace/ks575/Data/Stinkbug/SB_population_data/Euschistus/mapping_new/psmc/data/round-84.psmc’
removed ‘/nobackup/beegfs/workspace/ks575/Data/Stinkbug/SB_population_data/Euschistus/mapping_new/psmc/data/round-85.psmc’
removed ‘/nobackup/beegfs/workspace/ks575/Data/Stinkbug/SB_population_data/Euschistus/mapping_new/psmc/data/round-86.psmc’
removed ‘/nobackup/beegfs/workspace/ks575/Data/Stinkbug/SB_population_data/Euschistus/mapping_new/psmc/data/round-87.psmc’
removed ‘/nobackup/beegfs/workspace/ks575/Data/Stinkbug/SB_population_data/Euschistus/mapping_new/psmc/data/round-88.psmc’
removed ‘/nobackup/beegfs/workspace/ks575/Data/Stinkbug/SB_population_data/Euschistus/mapping_new/psmc/data/round-89.psmc’
removed ‘/nobackup/beegfs/workspace/ks575/Data/Stinkbug/SB_population_data/Euschistus/mapping_new/psmc/data/round-8.psmc’
removed ‘/nobackup/beegfs/workspace/ks575/Data/Stinkbug/SB_population_data/Euschistus/mapping_new/psmc/data/round-90.psmc’
removed ‘/nobackup/beegfs/workspace/ks575/Data/Stinkbug/SB_population_data/Euschistus/mapping_new/psmc/data/round-91.psmc’
removed ‘/nobackup/beegfs/workspace/ks575/Data/Stinkbug/SB_population_data/Euschistus/mapping_new/psmc/data/round-92.psmc’
removed ‘/nobackup/beegfs/workspace/ks575/Data/Stinkbug/SB_population_data/Euschistus/mapping_new/psmc/data/round-93.psmc’
removed ‘/nobackup/beegfs/workspace/ks575/Data/Stinkbug/SB_population_data/Euschistus/mapping_new/psmc/data/round-94.psmc’
removed ‘/nobackup/beegfs/workspace/ks575/Data/Stinkbug/SB_population_data/Euschistus/mapping_new/psmc/data/round-95.psmc’
removed ‘/nobackup/beegfs/workspace/ks575/Data/Stinkbug/SB_population_data/Euschistus/mapping_new/psmc/data/round-96.psmc’
removed ‘/nobackup/beegfs/workspace/ks575/Data/Stinkbug/SB_population_data/Euschistus/mapping_new/psmc/data/round-97.psmc’
removed ‘/nobackup/beegfs/workspace/ks575/Data/Stinkbug/SB_population_data/Euschistus/mapping_new/psmc/data/round-98.psmc’
removed ‘/nobackup/beegfs/workspace/ks575/Data/Stinkbug/SB_population_data/Euschistus/mapping_new/psmc/data/round-99.psmc’
removed ‘/nobackup/beegfs/workspace/ks575/Data/Stinkbug/SB_population_data/Euschistus/mapping_new/psmc/data/round-9.psmc’
removed ‘/nobackup/beegfs/workspace/ks575/Data/Stinkbug/SB_population_data/Euschistus/mapping_new/psmc/data/split.psmcfa’
removed ‘/nobackup/beegfs/workspace/ks575/Data/Stinkbug/SB_population_data/Euschistus/mapping_new/psmc/data/ROC31.psmc’
removed ‘/nobackup/beegfs/workspace/ks575/Data/Stinkbug/SB_population_data/Euschistus/mapping_new/psmc/data/round-100.psmc’
removed ‘/nobackup/beegfs/workspace/ks575/Data/Stinkbug/SB_population_data/Euschistus/mapping_new/psmc/data/round-10.psmc’
removed ‘/nobackup/beegfs/workspace/ks575/Data/Stinkbug/SB_population_data/Euschistus/mapping_new/psmc/data/round-11.psmc’
removed ‘/nobackup/beegfs/workspace/ks575/Data/Stinkbug/SB_population_data/Euschistus/mapping_new/psmc/data/round-12.psmc’
removed ‘/nobackup/beegfs/workspace/ks575/Data/Stinkbug/SB_population_data/Euschistus/mapping_new/psmc/data/round-13.psmc’
removed ‘/nobackup/beegfs/workspace/ks575/Data/Stinkbug/SB_population_data/Euschistus/mapping_new/psmc/data/round-14.psmc’
removed ‘/nobackup/beegfs/workspace/ks575/Data/Stinkbug/SB_population_data/Euschistus/mapping_new/psmc/data/round-15.psmc’
removed ‘/nobackup/beegfs/workspace/ks575/Data/Stinkbug/SB_population_data/Euschistus/mapping_new/psmc/data/round-16.psmc’
removed ‘/nobackup/beegfs/workspace/ks575/Data/Stinkbug/SB_population_data/Euschistus/mapping_new/psmc/data/round-17.psmc’
removed ‘/nobackup/beegfs/workspace/ks575/Data/Stinkbug/SB_population_data/Euschistus/mapping_new/psmc/data/round-18.psmc’
removed ‘/nobackup/beegfs/workspace/ks575/Data/Stinkbug/SB_population_data/Euschistus/mapping_new/psmc/data/round-19.psmc’
removed ‘/nobackup/beegfs/workspace/ks575/Data/Stinkbug/SB_population_data/Euschistus/mapping_new/psmc/data/round-1.psmc’
removed ‘/nobackup/beegfs/workspace/ks575/Data/Stinkbug/SB_population_data/Euschistus/mapping_new/psmc/data/round-20.psmc’
removed ‘/nobackup/beegfs/workspace/ks575/Data/Stinkbug/SB_population_data/Euschistus/mapping_new/psmc/data/round-21.psmc’
removed ‘/nobackup/beegfs/workspace/ks575/Data/Stinkbug/SB_population_data/Euschistus/mapping_new/psmc/data/round-22.psmc’
removed ‘/nobackup/beegfs/workspace/ks575/Data/Stinkbug/SB_population_data/Euschistus/mapping_new/psmc/data/round-23.psmc’
removed ‘/nobackup/beegfs/workspace/ks575/Data/Stinkbug/SB_population_data/Euschistus/mapping_new/psmc/data/round-24.psmc’
removed ‘/nobackup/beegfs/workspace/ks575/Data/Stinkbug/SB_population_data/Euschistus/mapping_new/psmc/data/round-25.psmc’
removed ‘/nobackup/beegfs/workspace/ks575/Data/Stinkbug/SB_population_data/Euschistus/mapping_new/psmc/data/round-26.psmc’
removed ‘/nobackup/beegfs/workspace/ks575/Data/Stinkbug/SB_population_data/Euschistus/mapping_new/psmc/data/round-27.psmc’
removed ‘/nobackup/beegfs/workspace/ks575/Data/Stinkbug/SB_population_data/Euschistus/mapping_new/psmc/data/round-28.psmc’
removed ‘/nobackup/beegfs/workspace/ks575/Data/Stinkbug/SB_population_data/Euschistus/mapping_new/psmc/data/round-29.psmc’
removed ‘/nobackup/beegfs/workspace/ks575/Data/Stinkbug/SB_population_data/Euschistus/mapping_new/psmc/data/round-2.psmc’
removed ‘/nobackup/beegfs/workspace/ks575/Data/Stinkbug/SB_population_data/Euschistus/mapping_new/psmc/data/round-30.psmc’
removed ‘/nobackup/beegfs/workspace/ks575/Data/Stinkbug/SB_population_data/Euschistus/mapping_new/psmc/data/round-31.psmc’
removed ‘/nobackup/beegfs/workspace/ks575/Data/Stinkbug/SB_population_data/Euschistus/mapping_new/psmc/data/round-32.psmc’
removed ‘/nobackup/beegfs/workspace/ks575/Data/Stinkbug/SB_population_data/Euschistus/mapping_new/psmc/data/round-33.psmc’
removed ‘/nobackup/beegfs/workspace/ks575/Data/Stinkbug/SB_population_data/Euschistus/mapping_new/psmc/data/round-34.psmc’
removed ‘/nobackup/beegfs/workspace/ks575/Data/Stinkbug/SB_population_data/Euschistus/mapping_new/psmc/data/round-35.psmc’
removed ‘/nobackup/beegfs/workspace/ks575/Data/Stinkbug/SB_population_data/Euschistus/mapping_new/psmc/data/round-36.psmc’
removed ‘/nobackup/beegfs/workspace/ks575/Data/Stinkbug/SB_population_data/Euschistus/mapping_new/psmc/data/round-37.psmc’
removed ‘/nobackup/beegfs/workspace/ks575/Data/Stinkbug/SB_population_data/Euschistus/mapping_new/psmc/data/round-38.psmc’
removed ‘/nobackup/beegfs/workspace/ks575/Data/Stinkbug/SB_population_data/Euschistus/mapping_new/psmc/data/round-39.psmc’
removed ‘/nobackup/beegfs/workspace/ks575/Data/Stinkbug/SB_population_data/Euschistus/mapping_new/psmc/data/round-3.psmc’
removed ‘/nobackup/beegfs/workspace/ks575/Data/Stinkbug/SB_population_data/Euschistus/mapping_new/psmc/data/round-40.psmc’
removed ‘/nobackup/beegfs/workspace/ks575/Data/Stinkbug/SB_population_data/Euschistus/mapping_new/psmc/data/round-41.psmc’
removed ‘/nobackup/beegfs/workspace/ks575/Data/Stinkbug/SB_population_data/Euschistus/mapping_new/psmc/data/round-42.psmc’
removed ‘/nobackup/beegfs/workspace/ks575/Data/Stinkbug/SB_population_data/Euschistus/mapping_new/psmc/data/round-43.psmc’
removed ‘/nobackup/beegfs/workspace/ks575/Data/Stinkbug/SB_population_data/Euschistus/mapping_new/psmc/data/round-44.psmc’
removed ‘/nobackup/beegfs/workspace/ks575/Data/Stinkbug/SB_population_data/Euschistus/mapping_new/psmc/data/round-45.psmc’
removed ‘/nobackup/beegfs/workspace/ks575/Data/Stinkbug/SB_population_data/Euschistus/mapping_new/psmc/data/round-46.psmc’
removed ‘/nobackup/beegfs/workspace/ks575/Data/Stinkbug/SB_population_data/Euschistus/mapping_new/psmc/data/round-47.psmc’
removed ‘/nobackup/beegfs/workspace/ks575/Data/Stinkbug/SB_population_data/Euschistus/mapping_new/psmc/data/round-48.psmc’
removed ‘/nobackup/beegfs/workspace/ks575/Data/Stinkbug/SB_population_data/Euschistus/mapping_new/psmc/data/round-49.psmc’
removed ‘/nobackup/beegfs/workspace/ks575/Data/Stinkbug/SB_population_data/Euschistus/mapping_new/psmc/data/round-4.psmc’
removed ‘/nobackup/beegfs/workspace/ks575/Data/Stinkbug/SB_population_data/Euschistus/mapping_new/psmc/data/round-50.psmc’
removed ‘/nobackup/beegfs/workspace/ks575/Data/Stinkbug/SB_population_data/Euschistus/mapping_new/psmc/data/round-51.psmc’
removed ‘/nobackup/beegfs/workspace/ks575/Data/Stinkbug/SB_population_data/Euschistus/mapping_new/psmc/data/round-52.psmc’
removed ‘/nobackup/beegfs/workspace/ks575/Data/Stinkbug/SB_population_data/Euschistus/mapping_new/psmc/data/round-53.psmc’
removed ‘/nobackup/beegfs/workspace/ks575/Data/Stinkbug/SB_population_data/Euschistus/mapping_new/psmc/data/round-54.psmc’
removed ‘/nobackup/beegfs/workspace/ks575/Data/Stinkbug/SB_population_data/Euschistus/mapping_new/psmc/data/round-55.psmc’
removed ‘/nobackup/beegfs/workspace/ks575/Data/Stinkbug/SB_population_data/Euschistus/mapping_new/psmc/data/round-56.psmc’
removed ‘/nobackup/beegfs/workspace/ks575/Data/Stinkbug/SB_population_data/Euschistus/mapping_new/psmc/data/round-57.psmc’
removed ‘/nobackup/beegfs/workspace/ks575/Data/Stinkbug/SB_population_data/Euschistus/mapping_new/psmc/data/round-58.psmc’
removed ‘/nobackup/beegfs/workspace/ks575/Data/Stinkbug/SB_population_data/Euschistus/mapping_new/psmc/data/round-59.psmc’
removed ‘/nobackup/beegfs/workspace/ks575/Data/Stinkbug/SB_population_data/Euschistus/mapping_new/psmc/data/round-5.psmc’
removed ‘/nobackup/beegfs/workspace/ks575/Data/Stinkbug/SB_population_data/Euschistus/mapping_new/psmc/data/round-60.psmc’
removed ‘/nobackup/beegfs/workspace/ks575/Data/Stinkbug/SB_population_data/Euschistus/mapping_new/psmc/data/round-61.psmc’
removed ‘/nobackup/beegfs/workspace/ks575/Data/Stinkbug/SB_population_data/Euschistus/mapping_new/psmc/data/round-62.psmc’
removed ‘/nobackup/beegfs/workspace/ks575/Data/Stinkbug/SB_population_data/Euschistus/mapping_new/psmc/data/round-63.psmc’
removed ‘/nobackup/beegfs/workspace/ks575/Data/Stinkbug/SB_population_data/Euschistus/mapping_new/psmc/data/round-64.psmc’
removed ‘/nobackup/beegfs/workspace/ks575/Data/Stinkbug/SB_population_data/Euschistus/mapping_new/psmc/data/round-65.psmc’
removed ‘/nobackup/beegfs/workspace/ks575/Data/Stinkbug/SB_population_data/Euschistus/mapping_new/psmc/data/round-66.psmc’
removed ‘/nobackup/beegfs/workspace/ks575/Data/Stinkbug/SB_population_data/Euschistus/mapping_new/psmc/data/round-67.psmc’
removed ‘/nobackup/beegfs/workspace/ks575/Data/Stinkbug/SB_population_data/Euschistus/mapping_new/psmc/data/round-68.psmc’
removed ‘/nobackup/beegfs/workspace/ks575/Data/Stinkbug/SB_population_data/Euschistus/mapping_new/psmc/data/round-69.psmc’
removed ‘/nobackup/beegfs/workspace/ks575/Data/Stinkbug/SB_population_data/Euschistus/mapping_new/psmc/data/round-6.psmc’
removed ‘/nobackup/beegfs/workspace/ks575/Data/Stinkbug/SB_population_data/Euschistus/mapping_new/psmc/data/round-70.psmc’
removed ‘/nobackup/beegfs/workspace/ks575/Data/Stinkbug/SB_population_data/Euschistus/mapping_new/psmc/data/round-71.psmc’
removed ‘/nobackup/beegfs/workspace/ks575/Data/Stinkbug/SB_population_data/Euschistus/mapping_new/psmc/data/round-72.psmc’
removed ‘/nobackup/beegfs/workspace/ks575/Data/Stinkbug/SB_population_data/Euschistus/mapping_new/psmc/data/round-73.psmc’
removed ‘/nobackup/beegfs/workspace/ks575/Data/Stinkbug/SB_population_data/Euschistus/mapping_new/psmc/data/round-74.psmc’
removed ‘/nobackup/beegfs/workspace/ks575/Data/Stinkbug/SB_population_data/Euschistus/mapping_new/psmc/data/round-75.psmc’
removed ‘/nobackup/beegfs/workspace/ks575/Data/Stinkbug/SB_population_data/Euschistus/mapping_new/psmc/data/round-76.psmc’
removed ‘/nobackup/beegfs/workspace/ks575/Data/Stinkbug/SB_population_data/Euschistus/mapping_new/psmc/data/round-77.psmc’
removed ‘/nobackup/beegfs/workspace/ks575/Data/Stinkbug/SB_population_data/Euschistus/mapping_new/psmc/data/round-78.psmc’
removed ‘/nobackup/beegfs/workspace/ks575/Data/Stinkbug/SB_population_data/Euschistus/mapping_new/psmc/data/round-79.psmc’
removed ‘/nobackup/beegfs/workspace/ks575/Data/Stinkbug/SB_population_data/Euschistus/mapping_new/psmc/data/round-7.psmc’
removed ‘/nobackup/beegfs/workspace/ks575/Data/Stinkbug/SB_population_data/Euschistus/mapping_new/psmc/data/round-80.psmc’
removed ‘/nobackup/beegfs/workspace/ks575/Data/Stinkbug/SB_population_data/Euschistus/mapping_new/psmc/data/round-81.psmc’
removed ‘/nobackup/beegfs/workspace/ks575/Data/Stinkbug/SB_population_data/Euschistus/mapping_new/psmc/data/round-82.psmc’
removed ‘/nobackup/beegfs/workspace/ks575/Data/Stinkbug/SB_population_data/Euschistus/mapping_new/psmc/data/round-83.psmc’
removed ‘/nobackup/beegfs/workspace/ks575/Data/Stinkbug/SB_population_data/Euschistus/mapping_new/psmc/data/round-84.psmc’
removed ‘/nobackup/beegfs/workspace/ks575/Data/Stinkbug/SB_population_data/Euschistus/mapping_new/psmc/data/round-85.psmc’
removed ‘/nobackup/beegfs/workspace/ks575/Data/Stinkbug/SB_population_data/Euschistus/mapping_new/psmc/data/round-86.psmc’
removed ‘/nobackup/beegfs/workspace/ks575/Data/Stinkbug/SB_population_data/Euschistus/mapping_new/psmc/data/round-87.psmc’
removed ‘/nobackup/beegfs/workspace/ks575/Data/Stinkbug/SB_population_data/Euschistus/mapping_new/psmc/data/round-88.psmc’
removed ‘/nobackup/beegfs/workspace/ks575/Data/Stinkbug/SB_population_data/Euschistus/mapping_new/psmc/data/round-89.psmc’
removed ‘/nobackup/beegfs/workspace/ks575/Data/Stinkbug/SB_population_data/Euschistus/mapping_new/psmc/data/round-8.psmc’
removed ‘/nobackup/beegfs/workspace/ks575/Data/Stinkbug/SB_population_data/Euschistus/mapping_new/psmc/data/round-90.psmc’
removed ‘/nobackup/beegfs/workspace/ks575/Data/Stinkbug/SB_population_data/Euschistus/mapping_new/psmc/data/round-91.psmc’
removed ‘/nobackup/beegfs/workspace/ks575/Data/Stinkbug/SB_population_data/Euschistus/mapping_new/psmc/data/round-92.psmc’
removed ‘/nobackup/beegfs/workspace/ks575/Data/Stinkbug/SB_population_data/Euschistus/mapping_new/psmc/data/round-93.psmc’
removed ‘/nobackup/beegfs/workspace/ks575/Data/Stinkbug/SB_population_data/Euschistus/mapping_new/psmc/data/round-94.psmc’
removed ‘/nobackup/beegfs/workspace/ks575/Data/Stinkbug/SB_population_data/Euschistus/mapping_new/psmc/data/round-95.psmc’
removed ‘/nobackup/beegfs/workspace/ks575/Data/Stinkbug/SB_population_data/Euschistus/mapping_new/psmc/data/round-96.psmc’
removed ‘/nobackup/beegfs/workspace/ks575/Data/Stinkbug/SB_population_data/Euschistus/mapping_new/psmc/data/round-97.psmc’
removed ‘/nobackup/beegfs/workspace/ks575/Data/Stinkbug/SB_population_data/Euschistus/mapping_new/psmc/data/round-98.psmc’
removed ‘/nobackup/beegfs/workspace/ks575/Data/Stinkbug/SB_population_data/Euschistus/mapping_new/psmc/data/round-99.psmc’
removed ‘/nobackup/beegfs/workspace/ks575/Data/Stinkbug/SB_population_data/Euschistus/mapping_new/psmc/data/round-9.psmc’
